#
# There is insufficient memory for the Java Runtime Environment to continue.
# Native memory allocation (malloc) failed to allocate 2103696 bytes for Chunk::new
# Possible reasons:
#   The system is out of physical RAM or swap space
#   The process is running with CompressedOops enabled, and the Java Heap may be blocking the growth of the native heap
# Possible solutions:
#   Reduce memory load on the system
#   Increase physical memory or swap space
#   Check if swap backing store is full
#   Decrease Java heap size (-Xmx/-Xms)
#   Decrease number of Java threads
#   Decrease Java thread stack sizes (-Xss)
#   Set larger code cache with -XX:ReservedCodeCacheSize=
#   JVM is running with Unscaled Compressed Oops mode in which the Java heap is
#     placed in the first 4GB address space. The Java Heap base address is the
#     maximum limit for the native heap growth. Please use -XX:HeapBaseMinAddress
#     to set the Java Heap base and to place the Java Heap above 4GB virtual address.
# This output file may be truncated or incomplete.
#
#  Out of Memory Error (allocation.cpp:389), pid=13664, tid=0x00000000000031fc
#
# JRE version: OpenJDK Runtime Environment (8.0_265-b01) (build 1.8.0_265-b01)
# Java VM: OpenJDK 64-Bit Server VM (25.265-b01 mixed mode windows-amd64 compressed oops)
# Failed to write core dump. Minidumps are not enabled by default on client versions of Windows
#

---------------  T H R E A D  ---------------

Current thread (0x00000205d12de000):  JavaThread "C2 CompilerThread1" daemon [_thread_in_native, id=12796, stack(0x0000002e11500000,0x0000002e11600000)]

Stack: [0x0000002e11500000,0x0000002e11600000]
[error occurred during error reporting (printing stack bounds), id 0xc0000005]

Native frames: (J=compiled Java code, j=interpreted, Vv=VM code, C=native code)


Current CompileTask:
C2:   7229 1752       4       java.net.URLClassLoader$1::run (5 bytes)


---------------  P R O C E S S  ---------------

Java Threads: ( => current thread )
  0x00000205d2618000 JavaThread "Thread-4" [_thread_in_native, id=8020, stack(0x0000002e11c00000,0x0000002e11d00000)]
  0x00000205d21fb000 JavaThread "background-preinit" [_thread_in_vm, id=10332, stack(0x0000002e11b00000,0x0000002e11c00000)]
  0x00000205d227f800 JavaThread "restartedMain" [_thread_blocked, id=14828, stack(0x0000002e11a00000,0x0000002e11b00000)]
  0x00000205d2051800 JavaThread "Thread-0" [_thread_blocked, id=9420, stack(0x0000002e11900000,0x0000002e11a00000)]
  0x00000205d134d000 JavaThread "Service Thread" daemon [_thread_blocked, id=4008, stack(0x0000002e11700000,0x0000002e11800000)]
  0x00000205d12f2000 JavaThread "C1 CompilerThread2" daemon [_thread_blocked, id=5428, stack(0x0000002e11600000,0x0000002e11700000)]
=>0x00000205d12de000 JavaThread "C2 CompilerThread1" daemon [_thread_in_native, id=12796, stack(0x0000002e11500000,0x0000002e11600000)]
  0x00000205d12c6000 JavaThread "C2 CompilerThread0" daemon [_thread_in_native, id=14580, stack(0x0000002e11400000,0x0000002e11500000)]
  0x00000205d12c5000 JavaThread "Attach Listener" daemon [_thread_blocked, id=14060, stack(0x0000002e11300000,0x0000002e11400000)]
  0x00000205d12c4800 JavaThread "Signal Dispatcher" daemon [_thread_blocked, id=10156, stack(0x0000002e11200000,0x0000002e11300000)]
  0x00000205d1295000 JavaThread "Finalizer" daemon [_thread_blocked, id=11732, stack(0x0000002e11100000,0x0000002e11200000)]
  0x00000205d128b800 JavaThread "Reference Handler" daemon [_thread_blocked, id=10576, stack(0x0000002e11000000,0x0000002e11100000)]
  0x00000205bd159800 JavaThread "main" [_thread_blocked, id=11020, stack(0x0000002e10a00000,0x0000002e10b00000)]

Other Threads:
  0x00000205d1263000 VMThread [stack: 0x0000002e10f00000,0x0000002e11000000] [id=10392]
  0x00000205d1351000 WatcherThread [stack: 0x0000002e11800000,0x0000002e11900000] [id=14496]

VM state:not at safepoint (normal execution)

VM Mutex/Monitor currently owned by a thread: None

heap address: 0x00000000c2000000, size: 992 MB, Compressed Oops mode: 32-bit
Narrow klass base: 0x0000000000000000, Narrow klass shift: 3
Compressed class space size: 1073741824 Address: 0x0000000100000000

Heap:
 PSYoungGen      total 67584K, used 49807K [0x00000000eb580000, 0x00000000eff80000, 0x0000000100000000)
  eden space 62464K, 79% used [0x00000000eb580000,0x00000000ee623e68,0x00000000ef280000)
  from space 5120K, 0% used [0x00000000ef880000,0x00000000ef880000,0x00000000efd80000)
  to   space 6144K, 0% used [0x00000000ef280000,0x00000000ef280000,0x00000000ef880000)
 ParOldGen       total 27136K, used 6113K [0x00000000c2000000, 0x00000000c3a80000, 0x00000000eb580000)
  object space 27136K, 22% used [0x00000000c2000000,0x00000000c25f8710,0x00000000c3a80000)
 Metaspace       used 21672K, capacity 22520K, committed 22656K, reserved 1069056K
  class space    used 2759K, capacity 2928K, committed 2944K, reserved 1048576K

Card table byte_map: [0x00000205cddf0000,0x00000205cdff0000] byte_map_base: 0x00000205cd7e0000

Marking Bits: (ParMarkBitMap*) 0x00000000639c7790
 Begin Bits: [0x00000205ce140000, 0x00000205cf0c0000)
 End Bits:   [0x00000205cf0c0000, 0x00000205d0040000)

Polling page: 0x00000205bd250000

CodeCache: size=245760Kb used=5807Kb max_used=5827Kb free=239952Kb
 bounds [0x00000205bea30000, 0x00000205beff0000, 0x00000205cda30000]
 total_blobs=2103 nmethods=1733 adapters=282
 compilation: enabled

Compilation events (10 events):
Event: 6.370 Thread 0x00000205d12f2000 nmethod 1747 0x00000205befd4050 code [0x00000205befd4600, 0x00000205befd8410]
Event: 6.375 Thread 0x00000205d12f2000 1748   !   3       org.springframework.boot.devtools.restart.classloader.RestartClassLoader::loadClass (119 bytes)
Event: 6.379 Thread 0x00000205d12f2000 nmethod 1748 0x00000205befbbd90 code [0x00000205befbc080, 0x00000205befbd7f0]
Event: 6.379 Thread 0x00000205d12f2000 1749       3       org.springframework.boot.devtools.restart.classloader.RestartClassLoader::findClass (69 bytes)
Event: 6.380 Thread 0x00000205d12f2000 nmethod 1749 0x00000205befbaf90 code [0x00000205befbb1a0, 0x00000205befbba20]
Event: 6.387 Thread 0x00000205d12c6000 nmethod 1739 0x00000205befe7350 code [0x00000205befe76e0, 0x00000205befe9fe8]
Event: 6.396 Thread 0x00000205d12de000 1750   !   4       java.lang.ref.Finalizer::add (41 bytes)
Event: 6.399 Thread 0x00000205d12de000 nmethod 1750 0x00000205befbaad0 code [0x00000205befbac20, 0x00000205befbaeb8]
Event: 6.417 Thread 0x00000205d12c6000 1751   !   4       java.net.URLClassLoader$1::run (63 bytes)
Event: 6.417 Thread 0x00000205d12de000 1752       4       java.net.URLClassLoader$1::run (5 bytes)

GC Heap History (10 events):
Event: 3.428 GC heap before
{Heap before GC invocations=5 (full 0):
 PSYoungGen      total 34304K, used 34205K [0x00000000eb580000, 0x00000000ed980000, 0x0000000100000000)
  eden space 31744K, 100% used [0x00000000eb580000,0x00000000ed480000,0x00000000ed480000)
  from space 2560K, 96% used [0x00000000ed700000,0x00000000ed9674f0,0x00000000ed980000)
  to   space 2560K, 0% used [0x00000000ed480000,0x00000000ed480000,0x00000000ed700000)
 ParOldGen       total 42496K, used 493K [0x00000000c2000000, 0x00000000c4980000, 0x00000000eb580000)
  object space 42496K, 1% used [0x00000000c2000000,0x00000000c207b448,0x00000000c4980000)
 Metaspace       used 11282K, capacity 11880K, committed 12032K, reserved 1060864K
  class space    used 1363K, capacity 1496K, committed 1536K, reserved 1048576K
Event: 3.442 GC heap after
Heap after GC invocations=5 (full 0):
 PSYoungGen      total 34304K, used 2560K [0x00000000eb580000, 0x00000000efd80000, 0x0000000100000000)
  eden space 31744K, 0% used [0x00000000eb580000,0x00000000eb580000,0x00000000ed480000)
  from space 2560K, 100% used [0x00000000ed480000,0x00000000ed700000,0x00000000ed700000)
  to   space 5120K, 0% used [0x00000000ef880000,0x00000000ef880000,0x00000000efd80000)
 ParOldGen       total 42496K, used 3109K [0x00000000c2000000, 0x00000000c4980000, 0x00000000eb580000)
  object space 42496K, 7% used [0x00000000c2000000,0x00000000c2309520,0x00000000c4980000)
 Metaspace       used 11282K, capacity 11880K, committed 12032K, reserved 1060864K
  class space    used 1363K, capacity 1496K, committed 1536K, reserved 1048576K
}
Event: 4.688 GC heap before
{Heap before GC invocations=6 (full 0):
 PSYoungGen      total 34304K, used 34304K [0x00000000eb580000, 0x00000000efd80000, 0x0000000100000000)
  eden space 31744K, 100% used [0x00000000eb580000,0x00000000ed480000,0x00000000ed480000)
  from space 2560K, 100% used [0x00000000ed480000,0x00000000ed700000,0x00000000ed700000)
  to   space 5120K, 0% used [0x00000000ef880000,0x00000000ef880000,0x00000000efd80000)
 ParOldGen       total 42496K, used 3109K [0x00000000c2000000, 0x00000000c4980000, 0x00000000eb580000)
  object space 42496K, 7% used [0x00000000c2000000,0x00000000c2309520,0x00000000c4980000)
 Metaspace       used 14964K, capacity 15664K, committed 15872K, reserved 1062912K
  class space    used 1893K, capacity 2032K, committed 2048K, reserved 1048576K
Event: 4.711 GC heap after
Heap after GC invocations=6 (full 0):
 PSYoungGen      total 67584K, used 5116K [0x00000000eb580000, 0x00000000eff80000, 0x0000000100000000)
  eden space 62464K, 0% used [0x00000000eb580000,0x00000000eb580000,0x00000000ef280000)
  from space 5120K, 99% used [0x00000000ef880000,0x00000000efd7f188,0x00000000efd80000)
  to   space 6144K, 0% used [0x00000000ef280000,0x00000000ef280000,0x00000000ef880000)
 ParOldGen       total 42496K, used 4040K [0x00000000c2000000, 0x00000000c4980000, 0x00000000eb580000)
  object space 42496K, 9% used [0x00000000c2000000,0x00000000c23f21e8,0x00000000c4980000)
 Metaspace       used 14964K, capacity 15664K, committed 15872K, reserved 1062912K
  class space    used 1893K, capacity 2032K, committed 2048K, reserved 1048576K
}
Event: 5.988 GC heap before
{Heap before GC invocations=7 (full 0):
 PSYoungGen      total 67584K, used 67557K [0x00000000eb580000, 0x00000000eff80000, 0x0000000100000000)
  eden space 62464K, 99% used [0x00000000eb580000,0x00000000ef27a438,0x00000000ef280000)
  from space 5120K, 99% used [0x00000000ef880000,0x00000000efd7f188,0x00000000efd80000)
  to   space 6144K, 0% used [0x00000000ef280000,0x00000000ef280000,0x00000000ef880000)
 ParOldGen       total 42496K, used 4040K [0x00000000c2000000, 0x00000000c4980000, 0x00000000eb580000)
  object space 42496K, 9% used [0x00000000c2000000,0x00000000c23f21e8,0x00000000c4980000)
 Metaspace       used 19892K, capacity 20728K, committed 20992K, reserved 1067008K
  class space    used 2576K, capacity 2736K, committed 2816K, reserved 1048576K
Event: 6.057 GC heap after
Heap after GC invocations=7 (full 0):
 PSYoungGen      total 68608K, used 6142K [0x00000000eb580000, 0x00000000eff80000, 0x0000000100000000)
  eden space 62464K, 0% used [0x00000000eb580000,0x00000000eb580000,0x00000000ef280000)
  from space 6144K, 99% used [0x00000000ef280000,0x00000000ef87f918,0x00000000ef880000)
  to   space 5120K, 0% used [0x00000000ef880000,0x00000000ef880000,0x00000000efd80000)
 ParOldGen       total 42496K, used 7717K [0x00000000c2000000, 0x00000000c4980000, 0x00000000eb580000)
  object space 42496K, 18% used [0x00000000c2000000,0x00000000c27897e0,0x00000000c4980000)
 Metaspace       used 19892K, capacity 20728K, committed 20992K, reserved 1067008K
  class space    used 2576K, capacity 2736K, committed 2816K, reserved 1048576K
}
Event: 6.125 GC heap before
{Heap before GC invocations=8 (full 0):
 PSYoungGen      total 68608K, used 10271K [0x00000000eb580000, 0x00000000eff80000, 0x0000000100000000)
  eden space 62464K, 6% used [0x00000000eb580000,0x00000000eb988428,0x00000000ef280000)
  from space 6144K, 99% used [0x00000000ef280000,0x00000000ef87f918,0x00000000ef880000)
  to   space 5120K, 0% used [0x00000000ef880000,0x00000000ef880000,0x00000000efd80000)
 ParOldGen       total 42496K, used 7717K [0x00000000c2000000, 0x00000000c4980000, 0x00000000eb580000)
  object space 42496K, 18% used [0x00000000c2000000,0x00000000c27897e0,0x00000000c4980000)
 Metaspace       used 20316K, capacity 21144K, committed 21248K, reserved 1067008K
  class space    used 2608K, capacity 2768K, committed 2816K, reserved 1048576K
Event: 6.193 GC heap after
Heap after GC invocations=8 (full 0):
 PSYoungGen      total 67584K, used 4390K [0x00000000eb580000, 0x00000000eff80000, 0x0000000100000000)
  eden space 62464K, 0% used [0x00000000eb580000,0x00000000eb580000,0x00000000ef280000)
  from space 5120K, 85% used [0x00000000ef880000,0x00000000efcc9808,0x00000000efd80000)
  to   space 6144K, 0% used [0x00000000ef280000,0x00000000ef280000,0x00000000ef880000)
 ParOldGen       total 42496K, used 7725K [0x00000000c2000000, 0x00000000c4980000, 0x00000000eb580000)
  object space 42496K, 18% used [0x00000000c2000000,0x00000000c278b7e0,0x00000000c4980000)
 Metaspace       used 20316K, capacity 21144K, committed 21248K, reserved 1067008K
  class space    used 2608K, capacity 2768K, committed 2816K, reserved 1048576K
}
Event: 6.193 GC heap before
{Heap before GC invocations=9 (full 1):
 PSYoungGen      total 67584K, used 4390K [0x00000000eb580000, 0x00000000eff80000, 0x0000000100000000)
  eden space 62464K, 0% used [0x00000000eb580000,0x00000000eb580000,0x00000000ef280000)
  from space 5120K, 85% used [0x00000000ef880000,0x00000000efcc9808,0x00000000efd80000)
  to   space 6144K, 0% used [0x00000000ef280000,0x00000000ef280000,0x00000000ef880000)
 ParOldGen       total 42496K, used 7725K [0x00000000c2000000, 0x00000000c4980000, 0x00000000eb580000)
  object space 42496K, 18% used [0x00000000c2000000,0x00000000c278b7e0,0x00000000c4980000)
 Metaspace       used 20316K, capacity 21144K, committed 21248K, reserved 1067008K
  class space    used 2608K, capacity 2768K, committed 2816K, reserved 1048576K
Event: 6.278 GC heap after
Heap after GC invocations=9 (full 1):
 PSYoungGen      total 67584K, used 0K [0x00000000eb580000, 0x00000000eff80000, 0x0000000100000000)
  eden space 62464K, 0% used [0x00000000eb580000,0x00000000eb580000,0x00000000ef280000)
  from space 5120K, 0% used [0x00000000ef880000,0x00000000ef880000,0x00000000efd80000)
  to   space 6144K, 0% used [0x00000000ef280000,0x00000000ef280000,0x00000000ef880000)
 ParOldGen       total 27136K, used 6113K [0x00000000c2000000, 0x00000000c3a80000, 0x00000000eb580000)
  object space 27136K, 22% used [0x00000000c2000000,0x00000000c25f8710,0x00000000c3a80000)
 Metaspace       used 20316K, capacity 21144K, committed 21248K, reserved 1067008K
  class space    used 2608K, capacity 2768K, committed 2816K, reserved 1048576K
}

Deoptimization events (10 events):
Event: 4.317 Thread 0x00000205d227f800 Uncommon trap: reason=unstable_if action=reinterpret pc=0x00000205bed219a8 method=java.util.HashMap.hash(Ljava/lang/Object;)I @ 1
Event: 4.417 Thread 0x00000205d227f800 Uncommon trap: reason=unstable_if action=reinterpret pc=0x00000205bece08fc method=java.util.HashMap.getNode(ILjava/lang/Object;)Ljava/util/HashMap$Node; @ 129
Event: 4.428 Thread 0x00000205d21fb000 Uncommon trap: reason=unstable_if action=reinterpret pc=0x00000205bee99080 method=java.util.concurrent.ConcurrentHashMap.addCount(JI)V @ 168
Event: 4.429 Thread 0x00000205d227f800 Uncommon trap: reason=unstable_if action=reinterpret pc=0x00000205bee99080 method=java.util.concurrent.ConcurrentHashMap.addCount(JI)V @ 168
Event: 5.142 Thread 0x00000205d227f800 Uncommon trap: reason=unstable_if action=reinterpret pc=0x00000205bef186a8 method=java.io.WinNTFileSystem.normalize(Ljava/lang/String;)Ljava/lang/String; @ 128
Event: 5.424 Thread 0x00000205d21fb000 Uncommon trap: reason=bimorphic action=maybe_recompile pc=0x00000205bef5aed4 method=java.util.HashMap.putVal(ILjava/lang/Object;Ljava/lang/Object;ZZ)Ljava/lang/Object; @ 203
Event: 5.429 Thread 0x00000205d21fb000 Uncommon trap: reason=bimorphic action=maybe_recompile pc=0x00000205bef5aed4 method=java.util.HashMap.putVal(ILjava/lang/Object;Ljava/lang/Object;ZZ)Ljava/lang/Object; @ 203
Event: 5.437 Thread 0x00000205d21fb000 Uncommon trap: reason=bimorphic action=maybe_recompile pc=0x00000205bef5aed4 method=java.util.HashMap.putVal(ILjava/lang/Object;Ljava/lang/Object;ZZ)Ljava/lang/Object; @ 203
Event: 5.625 Thread 0x00000205d227f800 Uncommon trap: reason=unstable_if action=reinterpret pc=0x00000205bee43030 method=java.util.Hashtable$Enumerator.nextElement()Ljava/lang/Object; @ 71
Event: 5.625 Thread 0x00000205d227f800 Uncommon trap: reason=unstable_if action=reinterpret pc=0x00000205bee42d40 method=java.util.Hashtable$Enumerator.nextElement()Ljava/lang/Object; @ 71

Classes redefined (0 events):
No events

Internal exceptions (10 events):
Event: 5.027 Thread 0x00000205d227f800 Exception <a 'java/lang/ClassNotFoundException': org/springframework/core/OrderedCustomizer> (0x00000000ec4bc128) thrown at [J:\jenkins\tmp\workspace\build\src\hotspot\src\share\vm\classfile\systemDictionary.cpp, line 215]
Event: 5.028 Thread 0x00000205d227f800 Exception <a 'java/lang/ClassNotFoundException': org/springframework/context/ResourceLoaderAwareCustomizer> (0x00000000ec4d6ff8) thrown at [J:\jenkins\tmp\workspace\build\src\hotspot\src\share\vm\classfile\systemDictionary.cpp, line 215]
Event: 5.030 Thread 0x00000205d227f800 Exception <a 'java/lang/ClassNotFoundException': org/springframework/beans/factory/AwareCustomizer> (0x00000000ec4efb50) thrown at [J:\jenkins\tmp\workspace\build\src\hotspot\src\share\vm\classfile\systemDictionary.cpp, line 215]
Event: 5.032 Thread 0x00000205d227f800 Exception <a 'java/lang/ClassNotFoundException': org/springframework/context/ApplicationStartupAwareCustomizer> (0x00000000ec50b6d8) thrown at [J:\jenkins\tmp\workspace\build\src\hotspot\src\share\vm\classfile\systemDictionary.cpp, line 215]
Event: 5.033 Thread 0x00000205d227f800 Exception <a 'java/lang/ClassNotFoundException': org/springframework/beans/factory/AwareCustomizer> (0x00000000ec5246b8) thrown at [J:\jenkins\tmp\workspace\build\src\hotspot\src\share\vm\classfile\systemDictionary.cpp, line 215]
Event: 5.035 Thread 0x00000205d227f800 Exception <a 'java/lang/ClassNotFoundException': org/springframework/beans/factory/BeanClassLoaderAwareCustomizer> (0x00000000ec540ef0) thrown at [J:\jenkins\tmp\workspace\build\src\hotspot\src\share\vm\classfile\systemDictionary.cpp, line 215]
Event: 5.036 Thread 0x00000205d227f800 Exception <a 'java/lang/ClassNotFoundException': org/springframework/beans/factory/AwareCustomizer> (0x00000000ec559a60) thrown at [J:\jenkins\tmp\workspace\build\src\hotspot\src\share\vm\classfile\systemDictionary.cpp, line 215]
Event: 5.037 Thread 0x00000205d227f800 Exception <a 'java/lang/ClassNotFoundException': org/springframework/context/EnvironmentAwareCustomizer> (0x00000000ec6e5f30) thrown at [J:\jenkins\tmp\workspace\build\src\hotspot\src\share\vm\classfile\systemDictionary.cpp, line 215]
Event: 5.039 Thread 0x00000205d227f800 Exception <a 'java/lang/ClassNotFoundException': org/springframework/beans/factory/AwareCustomizer> (0x00000000ec6fe980) thrown at [J:\jenkins\tmp\workspace\build\src\hotspot\src\share\vm\classfile\systemDictionary.cpp, line 215]
Event: 5.553 Thread 0x00000205d227f800 Exception <a 'java/lang/NoSuchMethodError': java.lang.Object.lambda$or$2(Ljava/util/function/Predicate;Ljava/lang/Object;)Z> (0x00000000ee450c40) thrown at [J:\jenkins\tmp\workspace\build\src\hotspot\src\share\vm\interpreter\linkResolver.cpp, line 620]

Events (10 events):
Event: 7.216 loading class com/fasterxml/jackson/databind/PropertyName
Event: 7.216 loading class com/fasterxml/jackson/databind/PropertyName done
Event: 7.216 loading class org/springframework/security/oauth2/server/resource/BearerTokenAuthenticationToken
Event: 7.216 loading class org/springframework/security/oauth2/server/resource/BearerTokenAuthenticationToken done
Event: 7.217 loading class org/apache/solr/client/solrj/impl/CloudSolrClient
Event: 7.217 loading class org/apache/solr/client/solrj/impl/CloudSolrClient done
Event: 7.218 loading class org/springframework/scheduling/concurrent/ThreadPoolTaskExecutor
Event: 7.218 loading class org/springframework/scheduling/concurrent/ThreadPoolTaskExecutor done
Event: 7.220 loading class com/fasterxml/jackson/databind/cfg/DeserializerFactoryConfig
Event: 7.220 loading class com/fasterxml/jackson/databind/cfg/DeserializerFactoryConfig done


Dynamic libraries:
0x00007ff631b70000 - 0x00007ff631baa000 	C:\Program Files\AdoptOpenJDK\jdk-8.0.265.01-hotspot\bin\javaw.exe
0x00007ffb6a6b0000 - 0x00007ffb6a8a6000 	C:\WINDOWS\SYSTEM32\ntdll.dll
0x00007ffb2dc80000 - 0x00007ffb2dc92000 	C:\Program Files\AVAST Software\Avast\aswhook.dll
0x00007ffb69840000 - 0x00007ffb698fd000 	C:\WINDOWS\System32\KERNEL32.DLL
0x00007ffb68440000 - 0x00007ffb68708000 	C:\WINDOWS\System32\KERNELBASE.dll
0x00007ffb68f30000 - 0x00007ffb68fdc000 	C:\WINDOWS\System32\ADVAPI32.dll
0x00007ffb688c0000 - 0x00007ffb6895e000 	C:\WINDOWS\System32\msvcrt.dll
0x00007ffb69150000 - 0x00007ffb691eb000 	C:\WINDOWS\System32\sechost.dll
0x00007ffb69200000 - 0x00007ffb69324000 	C:\WINDOWS\System32\RPCRT4.dll
0x00007ffb69330000 - 0x00007ffb694d0000 	C:\WINDOWS\System32\USER32.dll
0x00007ffb68020000 - 0x00007ffb68042000 	C:\WINDOWS\System32\win32u.dll
0x00007ffb69050000 - 0x00007ffb6907a000 	C:\WINDOWS\System32\GDI32.dll
0x00007ffb68330000 - 0x00007ffb68439000 	C:\WINDOWS\System32\gdi32full.dll
0x00007ffb680e0000 - 0x00007ffb6817d000 	C:\WINDOWS\System32\msvcp_win.dll
0x00007ffb68180000 - 0x00007ffb68280000 	C:\WINDOWS\System32\ucrtbase.dll
0x00007ffb511b0000 - 0x00007ffb5144b000 	C:\WINDOWS\WinSxS\amd64_microsoft.windows.common-controls_6595b64144ccf1df_6.0.19041.488_none_ca04af081b815d21\COMCTL32.dll
0x00007ffb69de0000 - 0x00007ffb69e10000 	C:\WINDOWS\System32\IMM32.DLL
0x00007ffb036e0000 - 0x00007ffb037cf000 	C:\Program Files\AdoptOpenJDK\jdk-8.0.265.01-hotspot\jre\bin\msvcr120.dll
0x00007ffb03630000 - 0x00007ffb036d6000 	C:\Program Files\AdoptOpenJDK\jdk-8.0.265.01-hotspot\jre\bin\msvcp120.dll
0x00000000631e0000 - 0x0000000063a46000 	C:\Program Files\AdoptOpenJDK\jdk-8.0.265.01-hotspot\jre\bin\server\jvm.dll
0x00007ffb68b60000 - 0x00007ffb68b68000 	C:\WINDOWS\System32\PSAPI.DLL
0x00007ffb665c0000 - 0x00007ffb665c9000 	C:\WINDOWS\SYSTEM32\WSOCK32.dll
0x00007ffb68fe0000 - 0x00007ffb6904b000 	C:\WINDOWS\System32\WS2_32.dll
0x00007ffb52df0000 - 0x00007ffb52e17000 	C:\WINDOWS\SYSTEM32\WINMM.dll
0x00007ffb5cd30000 - 0x00007ffb5cd3a000 	C:\WINDOWS\SYSTEM32\VERSION.dll
0x00007ffb4bd60000 - 0x00007ffb4bd6f000 	C:\Program Files\AdoptOpenJDK\jdk-8.0.265.01-hotspot\jre\bin\verify.dll
0x00007ffb2b090000 - 0x00007ffb2b0b8000 	C:\Program Files\AdoptOpenJDK\jdk-8.0.265.01-hotspot\jre\bin\java.dll
0x00007ffb4a290000 - 0x00007ffb4a2a6000 	C:\Program Files\AdoptOpenJDK\jdk-8.0.265.01-hotspot\jre\bin\zip.dll
0x00007ffb69e10000 - 0x00007ffb6a551000 	C:\WINDOWS\System32\SHELL32.dll
0x00007ffb65b40000 - 0x00007ffb662d5000 	C:\WINDOWS\SYSTEM32\windows.storage.dll
0x00007ffb68bd0000 - 0x00007ffb68f25000 	C:\WINDOWS\System32\combase.dll
0x00007ffb67790000 - 0x00007ffb677bc000 	C:\WINDOWS\SYSTEM32\Wldp.dll
0x00007ffb6a560000 - 0x00007ffb6a60e000 	C:\WINDOWS\System32\SHCORE.dll
0x00007ffb69900000 - 0x00007ffb69955000 	C:\WINDOWS\System32\shlwapi.dll
0x00007ffb67d20000 - 0x00007ffb67d46000 	C:\WINDOWS\SYSTEM32\profapi.dll
0x00007ffb57840000 - 0x00007ffb5784d000 	C:\Program Files\AdoptOpenJDK\jdk-8.0.265.01-hotspot\jre\bin\management.dll
0x00007ffb44e80000 - 0x00007ffb44e9a000 	C:\Program Files\AdoptOpenJDK\jdk-8.0.265.01-hotspot\jre\bin\net.dll
0x00007ffb67510000 - 0x00007ffb6757a000 	C:\WINDOWS\system32\mswsock.dll
0x00007ffb538f0000 - 0x00007ffb53907000 	C:\WINDOWS\system32\napinsp.dll
0x00007ffb538d0000 - 0x00007ffb538eb000 	C:\WINDOWS\system32\pnrpnsp.dll
0x00007ffb62350000 - 0x00007ffb62365000 	C:\WINDOWS\system32\wshbth.dll
0x00007ffb63330000 - 0x00007ffb6334d000 	C:\WINDOWS\system32\NLAapi.dll
0x00007ffb67200000 - 0x00007ffb6723b000 	C:\WINDOWS\SYSTEM32\IPHLPAPI.DLL
0x00007ffb67240000 - 0x00007ffb6730b000 	C:\WINDOWS\SYSTEM32\DNSAPI.dll
0x00007ffb691f0000 - 0x00007ffb691f8000 	C:\WINDOWS\System32\NSI.dll
0x00007ffb538b0000 - 0x00007ffb538c2000 	C:\WINDOWS\System32\winrnr.dll
0x00007ffb5cd40000 - 0x00007ffb5cd4a000 	C:\Windows\System32\rasadhlp.dll
0x00007ffb533e0000 - 0x00007ffb5345f000 	C:\WINDOWS\System32\fwpuclnt.dll
0x00007ffb680b0000 - 0x00007ffb680d7000 	C:\WINDOWS\System32\bcrypt.dll
0x00007ffb2b400000 - 0x00007ffb2b412000 	C:\Program Files\AdoptOpenJDK\jdk-8.0.265.01-hotspot\jre\bin\nio.dll

VM Arguments:
jvm_args: -Dfile.encoding=UTF-8 
java_command: com.example.studentTutorDatabase.StudentTutorDatabaseApplication
java_class_path (initial): C:\Users\Bunu\Desktop\Fall2020\ServerProgramming\studentTutorDatabase\target\classes;C:\Users\Bunu\.m2\repository\org\springframework\boot\spring-boot-starter-data-jpa\2.4.0\spring-boot-starter-data-jpa-2.4.0.jar;C:\Users\Bunu\.m2\repository\org\springframework\boot\spring-boot-starter-aop\2.4.0\spring-boot-starter-aop-2.4.0.jar;C:\Users\Bunu\.m2\repository\org\aspectj\aspectjweaver\1.9.6\aspectjweaver-1.9.6.jar;C:\Users\Bunu\.m2\repository\org\springframework\boot\spring-boot-starter-jdbc\2.4.0\spring-boot-starter-jdbc-2.4.0.jar;C:\Users\Bunu\.m2\repository\com\zaxxer\HikariCP\3.4.5\HikariCP-3.4.5.jar;C:\Users\Bunu\.m2\repository\org\springframework\spring-jdbc\5.3.1\spring-jdbc-5.3.1.jar;C:\Users\Bunu\.m2\repository\jakarta\transaction\jakarta.transaction-api\1.3.3\jakarta.transaction-api-1.3.3.jar;C:\Users\Bunu\.m2\repository\jakarta\persistence\jakarta.persistence-api\2.2.3\jakarta.persistence-api-2.2.3.jar;C:\Users\Bunu\.m2\repository\org\hibernate\hibernate-core\5.4.23.Final\hibernate-core-5.4.23.Final.jar;C:\Users\Bunu\.m2\repository\org\jboss\logging\jboss-logging\3.4.1.Final\jboss-logging-3.4.1.Final.jar;C:\Users\Bunu\.m2\repository\org\javassist\javassist\3.24.0-GA\javassist-3.24.0-GA.jar;C:\Users\Bunu\.m2\repository\net\bytebuddy\byte-buddy\1.10.18\byte-buddy-1.10.18.jar;C:\Users\Bunu\.m2\repository\antlr\antlr\2.7.7\antlr-2.7.7.jar;C:\Users\Bunu\.m2\repository\org\jboss\jandex\2.1.3.Final\jandex-2.1.3.Final.jar;C:\Users\Bunu\.m2\repository\com\fasterxml\classmate\1.5.1\classmate-1.5.1.jar;C:\Users\Bunu\.m2\repository\org\dom4j\dom4j\2.1.3\dom4j-2.1.3.jar;C:\Users\Bunu\.m2\repository\org\hibernate\common\hibernate-commons-annotations\5.1.2.Final\hibernate-commons-annotations-5.1.2.Final.jar;C:\Users\Bunu\.m2\repository\org\glassfish\jaxb\jaxb-runtime\2.3.3\jaxb-runtime-2.3.3.jar;C:\Users\Bunu\.m2\repository\org\glassfish\jaxb\txw2\2.3.3\txw2-2.3.3.jar;C:\Users\Bunu\.m2\repository\com\sun\istack\istack-commons-runtime\3.0.11\is
Launcher Type: SUN_STANDARD

Environment Variables:
JAVA_HOME=C:\Program Files\Android\Android Studio\jre
PATH=C:/Program Files/AdoptOpenJDK/jdk-8.0.265.01-hotspot/bin/../jre/bin/server;C:/Program Files/AdoptOpenJDK/jdk-8.0.265.01-hotspot/bin/../jre/bin;C:/Program Files/AdoptOpenJDK/jdk-8.0.265.01-hotspot/bin/../jre/lib/amd64;C:\Program Files\AdoptOpenJDK\jdk-8.0.265.01-hotspot\bin;C:\Program Files (x86)\Common Files\Oracle\Java\javapath;C:\Program Files (x86)\Intel\iCLS Client\;C:\Program Files\Intel\iCLS Client\;C:\WINDOWS\system32;C:\WINDOWS;C:\WINDOWS\System32\Wbem;C:\WINDOWS\System32\WindowsPowerShell\v1.0\;C:\Program Files (x86)\Intel\Intel(R) Management Engine Components\DAL;C:\Program Files\Intel\Intel(R) Management Engine Components\DAL;C:\Program Files (x86)\Intel\Intel(R) Management Engine Components\IPT;C:\Program Files\Intel\Intel(R) Management Engine Components\IPT;C:\Program Files (x86)\Windows Live\Shared;C:\Program Files\Intel\WiFi\bin\;C:\Program Files\Common Files\Intel\WirelessCommon\;C:\WINDOWS\System32\OpenSSH\;C:\Program Files\Git\cmd;C:\Program Files\nodejs\;C:\Program Files (x86)\Microsoft SQL Server\150\DTS\Binn\;C:\Program Files (x86)\Microsoft SQL Server\150\Tools\Binn\;C:\Program Files\Microsoft SQL Server\150\Tools\Binn\;C:\Program Files\Microsoft SQL Server\150\DTS\Binn\;C:\Program Files\Microsoft SQL Server\Client SDK\ODBC\170\Tools\Binn\;C:\Program Files\PuTTY\;C:\Users\Bunu\AppData\Local\Programs\Python\Python38-32\Scripts\;C:\Users\Bunu\AppData\Local\Programs\Python\Python38-32\;C:\Users\Bunu\AppData\Local\Microsoft\WindowsApps;C:\Users\Bunu\AppData\Local\GitHubDesktop\bin;C:\Users\Bunu\AppData\Local\atom\bin;C:\Users\Bunu\AppData\Local\Programs\Microsoft VS Code\bin;C:\Users\Bunu\AppData\Local\Microsoft\WindowsApps;C:\Users\Bunu\AppData\Roaming\npm;C:\Program Files\heroku\bin;C:\WINDOWS\system32;
USERNAME=Bunu
OS=Windows_NT
PROCESSOR_IDENTIFIER=Intel64 Family 6 Model 78 Stepping 3, GenuineIntel



---------------  S Y S T E M  ---------------

OS: Windows 10.0 , 64 bit Build 19041 (10.0.19041.546)

CPU:total 4 (initial active 4) (2 cores per cpu, 2 threads per core) family 6 model 78 stepping 3, cmov, cx8, fxsr, mmx, sse, sse2, sse3, ssse3, sse4.1, sse4.2, popcnt, avx, avx2, aes, clmul, erms, 3dnowpref, lzcnt, ht, tsc, tscinvbit, bmi1, bmi2, adx

Memory: 4k page, physical 4059716k(368544k free), swap 11645144k(4996k free)

vm_info: OpenJDK 64-Bit Server VM (25.265-b01) for windows-amd64 JRE (1.8.0_265-b01), built on Jul 28 2020 15:11:27 by "jenkins" with MS VC++ 12.0 (VS2013)

time: Mon Nov 30 21:09:10 2020
timezone: FLE Standard Time
elapsed time: 7 seconds (0d 0h 0m 7s)

